nohup: ignoring input
[[1;34mINFO[m] Scanning for projects...
[[1;34mINFO[m] 
[[1;34mINFO[m] [1m--------------------< [0;36mcom.bidding:bidding-backend[0;1m >---------------------[m
[[1;34mINFO[m] [1mBuilding bidding-backend 1.0.0[m
[[1;34mINFO[m] [1m--------------------------------[ jar ]---------------------------------[m
[[1;34mINFO[m] 
[[1;34mINFO[m] [1m>>> [0;32mspring-boot-maven-plugin:3.2.0:run[m [1m(default-cli)[0;1m > [0;1mtest-compile[m @ [36mbidding-backend[0;1m >>>[m
[[1;34mINFO[m] 
[[1;34mINFO[m] [1m--- [0;32mmaven-resources-plugin:3.3.1:resources[m [1m(default-resources)[m @ [36mbidding-backend[0;1m ---[m
[[1;34mINFO[m] Copying 1 resource from src/main/resources to target/classes
[[1;34mINFO[m] Copying 0 resource from src/main/resources to target/classes
[[1;34mINFO[m] 
[[1;34mINFO[m] [1m--- [0;32mmaven-compiler-plugin:3.11.0:compile[m [1m(default-compile)[m @ [36mbidding-backend[0;1m ---[m
[[1;34mINFO[m] Changes detected - recompiling the module! :source
[[1;34mINFO[m] Compiling 56 source files with javac [debug release 17] to target/classes
[[1;34mINFO[m] -------------------------------------------------------------
[[1;31mERROR[m] COMPILATION ERROR : 
[[1;34mINFO[m] -------------------------------------------------------------
[[1;31mERROR[m] /home/ubuntu/bidding-system/bidding-backend/src/main/java/com/bidding/service/AnnouncementService.java:[87,9] cannot find symbol
  symbol:   variable log
  location: class com.bidding.service.AnnouncementService
[[1;31mERROR[m] /home/ubuntu/bidding-system/bidding-backend/src/main/java/com/bidding/service/AnnouncementService.java:[94,9] cannot find symbol
  symbol:   variable log
  location: class com.bidding.service.AnnouncementService
[[1;31mERROR[m] /home/ubuntu/bidding-system/bidding-backend/src/main/java/com/bidding/service/AnnouncementService.java:[96,13] cannot find symbol
  symbol:   variable log
  location: class com.bidding.service.AnnouncementService
[[1;31mERROR[m] /home/ubuntu/bidding-system/bidding-backend/src/main/java/com/bidding/service/AnnouncementService.java:[98,17] cannot find symbol
  symbol:   variable log
  location: class com.bidding.service.AnnouncementService
[[1;34mINFO[m] 4 errors 
[[1;34mINFO[m] -------------------------------------------------------------
[[1;34mINFO[m] [1m------------------------------------------------------------------------[m
[[1;34mINFO[m] [1;31mBUILD FAILURE[m
[[1;34mINFO[m] [1m------------------------------------------------------------------------[m
[[1;34mINFO[m] Total time:  4.369 s
[[1;34mINFO[m] Finished at: 2026-01-17T12:12:42-05:00
[[1;34mINFO[m] [1m------------------------------------------------------------------------[m
[[1;31mERROR[m] Failed to execute goal [32morg.apache.maven.plugins:maven-compiler-plugin:3.11.0:compile[m [1m(default-compile)[m on project [36mbidding-backend[m: [1;31mCompilation failure[m: Compilation failure: 
[[1;31mERROR[m] /home/ubuntu/bidding-system/bidding-backend/src/main/java/com/bidding/service/AnnouncementService.java:[87,9] cannot find symbol
[[1;31mERROR[m]   symbol:   variable log
[[1;31mERROR[m]   location: class com.bidding.service.AnnouncementService
[[1;31mERROR[m] /home/ubuntu/bidding-system/bidding-backend/src/main/java/com/bidding/service/AnnouncementService.java:[94,9] cannot find symbol
[[1;31mERROR[m]   symbol:   variable log
[[1;31mERROR[m]   location: class com.bidding.service.AnnouncementService
[[1;31mERROR[m] /home/ubuntu/bidding-system/bidding-backend/src/main/java/com/bidding/service/AnnouncementService.java:[96,13] cannot find symbol
[[1;31mERROR[m]   symbol:   variable log
[[1;31mERROR[m]   location: class com.bidding.service.AnnouncementService
[[1;31mERROR[m] /home/ubuntu/bidding-system/bidding-backend/src/main/java/com/bidding/service/AnnouncementService.java:[98,17] cannot find symbol
[[1;31mERROR[m]   symbol:   variable log
[[1;31mERROR[m]   location: class com.bidding.service.AnnouncementService
[[1;31mERROR[m] -> [1m[Help 1][m
[[1;31mERROR[m] 
[[1;31mERROR[m] To see the full stack trace of the errors, re-run Maven with the [1m-e[m switch.
[[1;31mERROR[m] Re-run Maven using the [1m-X[m switch to enable full debug logging.
[[1;31mERROR[m] 
[[1;31mERROR[m] For more information about the errors and possible solutions, please read the following articles:
[[1;31mERROR[m] [1m[Help 1][m http://cwiki.apache.org/confluence/display/MAVEN/MojoFailureException
